% run with
 
% server: 
% ./sockets_server --interactive_mode true --external_ip_address "127.0.0.1" --external_port 12345 

% iprover: 
% ./iproveropt --interactive_mode true --external_ip_address "127.0.0.1" --external_port 12345 --schedule none --preprocessing_flag false --instantiation_flag true --superposition_flag true  --resolution_flag false --sup_iter_deepening 0 --comb_sup_deep_mult 0 --sup_passive_queue_type priority_queues --sup_passive_queues_freq "[1]" --sup_passive_queues "[[+external_score]]"  Examples/PUZ001-1.p

% to get such trace; set "let dbg_global_flag = true" in src/lib.ml before compiling iProver and sockets_server



warning: lib.ml: dbg_global_flag=true
warning: lib.ml: dassert_global_flag=true

%---------------- iProver v3.7 (post CASC-J11 2022) ----------------%

warning: parser_types.ml: unsupported defined symbols treated as uninterpred
warning: prop_lit_to_fof_flag: true
warning: DemodulationIndex: fwd_only_orientable_flag: false
warning: DemodulationIndexPerfect: demodulationIndex fwd_only_orientable_flag: false
warning: LightNormalisationIndex:use_non_ground true
warning: Sockets: dbg_flag=true
warning: use_rec_defs_flag: true
warning: def_merge_tr_red_non_prop_flag: true
warning: instantiation_loop:sth_get_sel_lits_in_phase_solver_consist
warning: finite_models commented: preprocess_after_flattening
warning: when_born_iter_flag: true
warning: proof_search_loop: ps_stagnation_limit:1000
warning: pred_elim_qbf: true
warning: dbg_qbf_res_prep_flag: true
------  iProver source info

git: date: 2023-01-27 07:06:34 +0000
git: sha1: cc42ade9a0445d5c8caf01063ff48c03cf8593fd
git: non_committed_changes: true
git: last_make_outside_of_git: false

------ Parsing...successful

warning: iprover.ml: arithm_order_num_axioms_flag: true

------ Proving...
------ Problem Properties 


clauses                                 12
conjectures                             1
EPR                                     12
Horn                                    10
unary                                   5
binary                                  5
lits                                    21
lits eq                                 0
fd_pure                                 0
fd_pseudo                               0
fd_cond                                 0
fd_pseudo_cond                          0
AC symbols                              0

External: resetting score cache
 
------ Input Options Time Limit: Unbounded


------ 
Current options:
------ 

------ Input Options

--out_options                           all
--tptp_safe_out                         true
--problem_path                          ""
--include_path                          ""
--clausifier                            ""
--clausifier_options                    ""
--stdin                                 false
--proof_out                             true
--proof_dot_file                        ""
--proof_reduce_dot                      []
--suppress_sat_res                      false
--suppress_unsat_res                    false
--stats_out                             all
--stats_mem                             false
--theory_stats_out                      false

------ General Options

--fof                                   false
--time_out_real                         -1.
--time_out_virtual                      -1.
--rnd_seed                              13
--symbol_type_check                     false
--clausify_out                          false
--sig_cnt_out                           false
--trig_cnt_out                          false
--trig_cnt_out_tolerance                1.
--trig_cnt_out_sk_spl                   false
--abstr_cl_out                          false

------ Interactive Mode

--interactive_mode                      true
--external_ip_address                   127.0.0.1
--external_port                         12345

------ Global Options

--schedule                              none
--add_important_lit                     false
--prop_solver_per_cl                    500
--subs_bck_mult                         8
--min_unsat_core                        false
--soft_assumptions                      false
--soft_lemma_size                       3
--prop_impl_unit_size                   0
--prop_impl_unit                        []
--share_sel_clauses                     true
--reset_solvers                         false
--bc_imp_inh                            [conj_cone]
--conj_cone_tolerance                   3.
--extra_neg_conj                        none
--large_theory_mode                     true
--prolific_symb_bound                   200
--lt_threshold                          2000
--clause_weak_htbl                      true
--gc_record_bc_elim                     false

------ Preprocessing Options

--preprocessing_flag                    false
--time_out_prep_mult                    0.1
--splitting_mode                        input
--splitting_grd                         true
--splitting_cvd                         false
--splitting_cvd_svl                     false
--splitting_nvd                         32
--sub_typing                            false
--prep_gs_sim                           true
--prep_unflatten                        true
--prep_res_sim                          true
--prep_sup_sim_all                      true
--prep_sup_sim_sup                      false
--prep_upred                            true
--prep_well_definedness                 true
--prep_sem_filter                       exhaustive
--prep_sem_filter_out                   false
--pred_elim                             true
--res_sim_input                         true
--eq_ax_congr_red                       true
--pure_diseq_elim                       true
--brand_transform                       false
--non_eq_to_eq                          false
--prep_def_merge                        true
--prep_def_merge_prop_impl              false
--prep_def_merge_mbd                    true
--prep_def_merge_tr_red                 false
--prep_def_merge_tr_cl                  false
--smt_preprocessing                     false
--smt_ac_axioms                         fast
--preprocessed_out                      false
--preprocessed_stats                    false

------ Abstraction refinement Options

--abstr_ref                             []
--abstr_ref_prep                        false
--abstr_ref_until_sat                   false
--abstr_ref_sig_restrict                funpre
--abstr_ref_af_restrict_to_split_sk     false
--abstr_ref_under                       []

------ SAT Options

--sat_mode                              false
--sat_fm_restart_options                ""
--sat_gr_def                            false
--sat_epr_types                         true
--sat_non_cyclic_types                  false
--sat_finite_models                     false
--sat_fm_lemmas                         false
--sat_fm_prep                           false
--sat_fm_uc_incr                        true
--sat_out_model                         small
--sat_out_clauses                       false

------ QBF Options

--qbf_mode                              false
--qbf_elim_univ                         false
--qbf_dom_inst                          none
--qbf_dom_pre_inst                      false
--qbf_sk_in                             false
--qbf_pred_elim                         true
--qbf_split                             512

------ BMC1 Options

--bmc1_incremental                      false
--bmc1_axioms                           reachable_all
--bmc1_min_bound                        0
--bmc1_max_bound                        -1
--bmc1_max_bound_default                -1
--bmc1_symbol_reachability              true
--bmc1_property_lemmas                  false
--bmc1_k_induction                      false
--bmc1_non_equiv_states                 false
--bmc1_deadlock                         false
--bmc1_ucm                              false
--bmc1_add_unsat_core                   none
--bmc1_unsat_core_children              false
--bmc1_unsat_core_extrapolate_axioms    false
--bmc1_out_stat                         full
--bmc1_ground_init                      false
--bmc1_pre_inst_next_state              false
--bmc1_pre_inst_state                   false
--bmc1_pre_inst_reach_state             false
--bmc1_out_unsat_core                   false
--bmc1_aig_witness_out                  false
--bmc1_verbose                          false
--bmc1_dump_clauses_tptp                false
--bmc1_dump_unsat_core_tptp             false
--bmc1_dump_file                        -
--bmc1_ucm_expand_uc_limit              128
--bmc1_ucm_n_expand_iterations          6
--bmc1_ucm_extend_mode                  1
--bmc1_ucm_init_mode                    2
--bmc1_ucm_cone_mode                    none
--bmc1_ucm_reduced_relation_type        0
--bmc1_ucm_relax_model                  4
--bmc1_ucm_full_tr_after_sat            true
--bmc1_ucm_expand_neg_assumptions       false
--bmc1_ucm_layered_model                none
--bmc1_ucm_max_lemma_size               10

------ AIG Options

--aig_mode                              false

------ Instantiation Options

--instantiation_flag                    true
--inst_sos_flag                         false
--inst_sos_phase                        true
--inst_sos_sth_lit_sel                  [+prop;+non_prol_conj_symb;-eq;+ground;-num_var;-num_symb]
--inst_lit_sel                          [+prop;+sign;+ground;-num_var;-num_symb]
--inst_lit_sel_side                     num_symb
--inst_solver_per_active                1400
--inst_solver_calls_frac                1.
--inst_passive_queue_type               priority_queues
--inst_passive_queues                   [[-conj_dist;+conj_symb;-num_var];[+age;-num_symb]]
--inst_passive_queues_freq              [25;2]
--inst_dismatching                      true
--inst_eager_unprocessed_to_passive     true
--inst_unprocessed_bound                0
--inst_prop_sim_given                   true
--inst_prop_sim_new                     false
--inst_subs_new                         false
--inst_eq_res_simp                      false
--inst_subs_given                       false
--inst_orphan_elimination               true
--inst_learning_loop_flag               true
--inst_learning_start                   3000
--inst_learning_factor                  2
--inst_start_prop_sim_after_learn       3
--inst_sel_renew                        solver
--inst_lit_activity_flag                true
--inst_restr_to_given                   false
--inst_activity_threshold               500

------ Resolution Options

--resolution_flag                       false
--res_lit_sel                           adaptive
--res_lit_sel_side                      none
--res_ordering                          kbo
--res_to_prop_solver                    active
--res_prop_simpl_new                    false
--res_prop_simpl_given                  true
--res_passive_queue_type                priority_queues
--res_passive_queues                    [[-conj_dist;+conj_symb;-num_symb];[+age;-num_symb]]
--res_passive_queues_freq               [15;5]
--res_forward_subs                      full
--res_backward_subs                     full
--res_forward_subs_resolution           true
--res_backward_subs_resolution          true
--res_orphan_elimination                true
--res_time_limit                        300.

------ Superposition Options

--superposition_flag                    true
--sup_passive_queue_type                priority_queues
--sup_passive_queues                    [[+external_score]]
--sup_passive_queues_freq               [1]
--demod_completeness_check              fast
--demod_use_ground                      true
--sup_unprocessed_bound                 0
--sup_to_prop_solver                    passive
--sup_prop_simpl_new                    true
--sup_prop_simpl_given                  true
--sup_fun_splitting                     false
--sup_iter_deepening                    0
--sup_restarts_mult                     12
--sup_score                             sim_d_gen
--sup_share_score_frac                  0.2
--sup_share_max_num_cl                  500
--sup_ordering                          kbo
--sup_symb_ordering                     invfreq
--sup_term_weight                       default

------ Superposition Simplification Setup

--sup_indices_passive                   [LightNormIndex;FwDemodIndex]
--sup_full_triv                         [SMTSimplify;PropSubs]
--sup_full_fw                           [ACNormalisation;FwLightNorm;FwDemod;FwUnitSubsAndRes;FwSubsumption;FwSubsumptionRes;FwGroundJoinability]
--sup_full_bw                           [BwDemod;BwUnitSubsAndRes;BwSubsumption;BwSubsumptionRes]
--sup_immed_triv                        []
--sup_immed_fw_main                     [ACNormalisation;FwLightNorm;FwUnitSubsAndRes]
--sup_immed_fw_immed                    [ACNormalisation;FwUnitSubsAndRes]
--sup_immed_bw_main                     [BwUnitSubsAndRes;BwDemod]
--sup_immed_bw_immed                    [BwUnitSubsAndRes;BwSubsumption;BwSubsumptionRes]
--sup_input_triv                        [Unflattening;SMTSimplify]
--sup_input_fw                          [FwACDemod;ACNormalisation;FwLightNorm;FwDemod;FwUnitSubsAndRes;FwSubsumption;FwSubsumptionRes;FwGroundJoinability]
--sup_input_bw                          [BwACDemod;BwDemod;BwUnitSubsAndRes;BwSubsumption;BwSubsumptionRes]
--sup_full_fixpoint                     true
--sup_main_fixpoint                     true
--sup_immed_fixpoint                    false
--sup_input_fixpoint                    true
--sup_cache_sim                         none
--sup_smt_interval                      500
--sup_bw_gjoin_interval                 0

------ Combination Options

--comb_mode                             clause_based
--comb_inst_mult                        5
--comb_res_mult                         1
--comb_sup_mult                         8
--comb_sup_deep_mult                    0

------ Debug Options

--dbg_backtrace                         false
--dbg_dump_prop_clauses                 false
--dbg_dump_prop_clauses_file            -
--dbg_out_stat                          false
--dbg_just_parse                        false




------ Proving...
Sockets:trace: registering: 12 
 {
  "tag": "register_clauses",
  "clauses": [
    {
      "clause": "cnf(c_51,plain,(lives(charles)),file('Examples/PUZ001-1.p', charles)).",
      "clause_id": 51,
      "clause_features": {
        "basic_clause_id": 51,
        "conj_dist": -1,
        "born": 1,
        "horn": true,
        "epr": true
      }
    },
    {
      "clause": "cnf(c_50,plain,(lives(butler)),file('Examples/PUZ001-1.p', butler)).",
      "clause_id": 50,
      "clause_features": {
        "basic_clause_id": 50,
        "conj_dist": -1,
        "born": 1,
        "horn": true,
        "epr": true
      }
    },
    {
      "clause": "cnf(c_49,plain,(lives(agatha)),file('Examples/PUZ001-1.p', agatha)).",
      "clause_id": 49,
      "clause_features": {
        "basic_clause_id": 49,
        "conj_dist": -1,
        "born": 1,
        "horn": true,
        "epr": true
      }
    },
    {
      "clause": "cnf(c_56,plain,(hates(agatha,charles)),file('Examples/PUZ001-1.p', agatha_hates_charles)).",
      "clause_id": 56,
      "clause_features": {
        "basic_clause_id": 56,
        "conj_dist": -1,
        "born": 1,
        "horn": true,
        "epr": true
      }
    },
    {
      "clause": "cnf(c_55,plain,(hates(agatha,agatha)),file('Examples/PUZ001-1.p', agatha_hates_agatha)).",
      "clause_id": 55,
      "clause_features": {
        "basic_clause_id": 55,
        "conj_dist": -1,
        "born": 1,
        "horn": true,
        "epr": true
      }
    },
    {
      "clause": "cnf(c_60,negated_conjecture,(killed(butler,agatha)|killed(charles,agatha)),file('Examples/PUZ001-1.p', prove_neither_charles_nor_butler_did_it)).",
      "clause_id": 60,
      "clause_features": {
        "basic_clause_id": 60,
        "conj_dist": 0,
        "born": 1,
        "horn": false,
        "epr": true
      }
    },
    {
      "clause": "cnf(c_58,plain,(~hates(agatha,X0)|hates(butler,X0)),file('Examples/PUZ001-1.p', same_hates)).",
      "clause_id": 58,
      "clause_features": {
        "basic_clause_id": 58,
        "conj_dist": -1,
        "born": 1,
        "horn": true,
        "epr": true
      }
    },
    {
      "clause": "cnf(c_57,plain,(~killed(X0,X1)|hates(X0,X1)),file('Examples/PUZ001-1.p', killer_hates_victim)).",
      "clause_id": 57,
      "clause_features": {
        "basic_clause_id": 57,
        "conj_dist": -1,
        "born": 1,
        "horn": true,
        "epr": true
      }
    },
    {
      "clause": "cnf(c_53,plain,(~hates(agatha,X0)|~hates(charles,X0)),file('Examples/PUZ001-1.p', different_hates)).",
      "clause_id": 53,
      "clause_features": {
        "basic_clause_id": 53,
        "conj_dist": -1,
        "born": 1,
        "horn": true,
        "epr": true
      }
    },
    {
      "clause": "cnf(c_52,plain,(~killed(X0,X1)|~richer(X0,X1)),file('Examples/PUZ001-1.p', poorer_killer)).",
      "clause_id": 52,
      "clause_features": {
        "basic_clause_id": 52,
        "conj_dist": -1,
        "born": 1,
        "horn": true,
        "epr": true
      }
    },
    {
      "clause": "cnf(c_59,plain,(~lives(X0)|richer(X0,agatha)|hates(butler,X0)),file('Examples/PUZ001-1.p', butler_hates_poor)).",
      "clause_id": 59,
      "clause_features": {
        "basic_clause_id": 59,
        "conj_dist": -1,
        "born": 1,
        "horn": false,
        "epr": true
      }
    },
    {
      "clause": "cnf(c_54,plain,(~hates(X0,agatha)|~hates(X0,butler)|~hates(X0,charles)),file('Examples/PUZ001-1.p', no_one_hates_everyone)).",
      "clause_id": 54,
      "clause_features": {
        "basic_clause_id": 54,
        "conj_dist": -1,
        "born": 1,
        "horn": true,
        "epr": true
      }
    }
  ]
}
Sockets:trace: sending batch: 12 
 {
  "tag": "scores_req",
  "clause_ids": [ 51, 50, 49, 56, 55, 60, 58, 57, 53, 52, 59, 54 ],
  "component": "sup",
  "component_id": 1
}
Sockets:trace: sending:
{ "tag": "server_queries_start" }
Sockets:trace: process_server_queries: cls_sat_eval_gr_req
Sockets:trace: sending:
{
  "tag": "cls_sat_eval_gr_res",
  "clause_ids": [ 51, 50, 49, 56, 55, 60, 58, 57, 53, 52, 59, 54 ],
  "sat_lit_gr_vals": [
    [ true ],
    [ true ],
    [ true ],
    [ true ],
    [ true ],
    [ true, true ],
    [ false, true ],
    [ false, true ],
    [ false, false ],
    [ false, false ],
    [ false, true, true ],
    [ false, false, false ]
  ]
}
Sockets:trace: process_server_queries: sat_solver_exec_req
Sockets:trace: sending:
{ "tag": "sat_solver_exec_res", "result": "sat" }
Sockets:trace: process_server_queries: cls_sat_eval_gr_req
Sockets:trace: sending:
{
  "tag": "cls_sat_eval_gr_res",
  "clause_ids": [ 51, 50, 49, 56, 55, 60, 58, 57, 53, 52, 59, 54 ],
  "sat_lit_gr_vals": [
    [ true ],
    [ true ],
    [ true ],
    [ true ],
    [ true ],
    [ true, false ],
    [ false, true ],
    [ true, true ],
    [ false, true ],
    [ true, true ],
    [ false, false, true ],
    [ false, true, false ]
  ]
}
Sockets:trace: process_server_queries: server_queries_end
Sockets:trace: before: reading
Sockets:trace: reading:
{
  "tag": "scores_res",
  "scores": [
    0.014285714285714285, 0.014705882352941176, 0.014705882352941176,
    0.011111111111111112, 0.011363636363636364, 0.006896551724137931,
    0.010752688172043012, 0.010526315789473684, 0.01, 0.01098901098901099,
    0.009009009009009009, 0.008064516129032258
  ]
}
Sockets:trace: reading: 0.0142857142857,0.0147058823529,0.0147058823529,0.0111111111111,0.0113636363636,0.00689655172414,0.010752688172,0.0105263157895,0.01,0.010989010989,0.00900900900901,0.00806451612903
Sockets:trace: sending batch: 12 
 {
  "tag": "passive_clauses",
  "clause_ids": [ 51, 50, 49, 56, 55, 60, 58, 57, 53, 52, 59, 54 ],
  "component": "sup",
  "component_id": 1
}
Sockets:trace: sending batch: 1 
 {
  "tag": "given_clause",
  "clause_ids": [ 49 ],
  "component": "sup",
  "component_id": 1
}
Sockets:trace: sending batch: 1 
 {
  "tag": "given_clause",
  "clause_ids": [ 50 ],
  "component": "sup",
  "component_id": 1
}
Sockets:trace: sending batch: 1 
 {
  "tag": "given_clause",
  "clause_ids": [ 51 ],
  "component": "sup",
  "component_id": 1
}
Sockets:trace: sending batch: 1 
 {
  "tag": "given_clause",
  "clause_ids": [ 55 ],
  "component": "sup",
  "component_id": 1
}
Sockets:trace: sending batch: 1 
 {
  "tag": "given_clause",
  "clause_ids": [ 56 ],
  "component": "sup",
  "component_id": 1
}
Sockets:trace: sending batch: 1 
 {
  "tag": "given_clause",
  "clause_ids": [ 52 ],
  "component": "sup",
  "component_id": 1
}
Sockets:trace: sending batch: 1 
 {
  "tag": "given_clause",
  "clause_ids": [ 58 ],
  "component": "sup",
  "component_id": 1
}
Sockets:trace: registering: 2 
 {
  "tag": "register_clauses",
  "clauses": [
    {
      "clause": "cnf(c_73,plain,(hates(butler,charles)),inference(superposition,[status(thm)],[c_56,c_58])).",
      "clause_id": 73,
      "clause_features": {
        "basic_clause_id": 71,
        "conj_dist": -1,
        "born": 2,
        "horn": true,
        "epr": true
      }
    },
    {
      "clause": "cnf(c_72,plain,(hates(butler,agatha)),inference(superposition,[status(thm)],[c_55,c_58])).",
      "clause_id": 72,
      "clause_features": {
        "basic_clause_id": 70,
        "conj_dist": -1,
        "born": 2,
        "horn": true,
        "epr": true
      }
    }
  ]
}
Sockets:trace: sending batch: 2 
 {
  "tag": "scores_req",
  "clause_ids": [ 73, 72 ],
  "component": "sup",
  "component_id": 1
}
Sockets:trace: sending:
{ "tag": "server_queries_start" }
Sockets:trace: process_server_queries: cls_sat_eval_gr_req
Sockets:trace: sending:
{
  "tag": "cls_sat_eval_gr_res",
  "clause_ids": [ 73, 72 ],
  "sat_lit_gr_vals": [ [ true ], [ true ] ]
}
Sockets:trace: process_server_queries: sat_solver_exec_req
Sockets:trace: sending:
{ "tag": "sat_solver_exec_res", "result": "sat" }
Sockets:trace: process_server_queries: cls_sat_eval_gr_req
Sockets:trace: sending:
{
  "tag": "cls_sat_eval_gr_res",
  "clause_ids": [ 73, 72 ],
  "sat_lit_gr_vals": [ [ true ], [ true ] ]
}
Sockets:trace: process_server_queries: server_queries_end
Sockets:trace: before: reading
Sockets:trace: reading:
{
  "tag": "scores_res",
  "scores": [ 0.01098901098901099, 0.011111111111111112 ]
}
Sockets:trace: reading: 0.010989010989,0.0111111111111
Sockets:trace: sending batch: 2 
 {
  "tag": "passive_clauses",
  "clause_ids": [ 73, 72 ],
  "component": "sup",
  "component_id": 1
}
Sockets:trace: sending batch: 1 
 {
  "tag": "given_clause",
  "clause_ids": [ 72 ],
  "component": "sup",
  "component_id": 1
}
Sockets:trace: sending batch: 1 
 {
  "tag": "given_clause",
  "clause_ids": [ 73 ],
  "component": "sup",
  "component_id": 1
}
Sockets:trace: sending batch: 1 
 {
  "tag": "given_clause",
  "clause_ids": [ 57 ],
  "component": "sup",
  "component_id": 1
}
Sockets:trace: sending batch: 1 
 {
  "tag": "given_clause",
  "clause_ids": [ 53 ],
  "component": "sup",
  "component_id": 1
}
Sockets:trace: registering: 2 
 {
  "tag": "register_clauses",
  "clauses": [
    {
      "clause": "cnf(c_83,plain,(~hates(charles,charles)),inference(superposition,[status(thm)],[c_56,c_53])).",
      "clause_id": 83,
      "clause_features": {
        "basic_clause_id": 77,
        "conj_dist": -1,
        "born": 2,
        "horn": true,
        "epr": true
      }
    },
    {
      "clause": "cnf(c_82,plain,(~hates(charles,agatha)),inference(superposition,[status(thm)],[c_55,c_53])).",
      "clause_id": 82,
      "clause_features": {
        "basic_clause_id": 76,
        "conj_dist": -1,
        "born": 2,
        "horn": true,
        "epr": true
      }
    }
  ]
}
Sockets:trace: sending batch: 2 
 {
  "tag": "scores_req",
  "clause_ids": [ 83, 82 ],
  "component": "sup",
  "component_id": 1
}
Sockets:trace: sending:
{ "tag": "server_queries_start" }
Sockets:trace: process_server_queries: cls_sat_eval_gr_req
Sockets:trace: sending:
{
  "tag": "cls_sat_eval_gr_res",
  "clause_ids": [ 83, 82 ],
  "sat_lit_gr_vals": [ [ false ], [ true ] ]
}
Sockets:trace: process_server_queries: sat_solver_exec_req
Sockets:trace: sending:
{ "tag": "sat_solver_exec_res", "result": "sat" }
Sockets:trace: process_server_queries: cls_sat_eval_gr_req
Sockets:trace: sending:
{
  "tag": "cls_sat_eval_gr_res",
  "clause_ids": [ 83, 82 ],
  "sat_lit_gr_vals": [ [ true ], [ true ] ]
}
Sockets:trace: process_server_queries: server_queries_end
Sockets:trace: before: reading
Sockets:trace: reading:
{
  "tag": "scores_res",
  "scores": [ 0.010752688172043012, 0.010869565217391304 ]
}
Sockets:trace: reading: 0.010752688172,0.0108695652174
Sockets:trace: sending batch: 2 
 {
  "tag": "passive_clauses",
  "clause_ids": [ 83, 82 ],
  "component": "sup",
  "component_id": 1
}
Sockets:trace: sending batch: 1 
 {
  "tag": "given_clause",
  "clause_ids": [ 82 ],
  "component": "sup",
  "component_id": 1
}
Sockets:trace: sending batch: 1 
 {
  "tag": "given_clause",
  "clause_ids": [ 83 ],
  "component": "sup",
  "component_id": 1
}
Sockets:trace: sending batch: 1 
 {
  "tag": "given_clause",
  "clause_ids": [ 59 ],
  "component": "sup",
  "component_id": 1
}
Sockets:trace: sending batch: 1 
 {
  "tag": "given_clause",
  "clause_ids": [ 54 ],
  "component": "sup",
  "component_id": 1
}
Sockets:trace: registering: 2 
 {
  "tag": "register_clauses",
  "clauses": [
    {
      "clause": "cnf(c_99,plain,(~hates(agatha,butler)),inference(forward_subsumption_resolution,[status(thm)],[c_96,c_56])).",
      "clause_id": 99,
      "clause_features": {
        "basic_clause_id": 87,
        "conj_dist": -1,
        "born": 2,
        "horn": true,
        "epr": true
      }
    },
    {
      "clause": "cnf(c_98,plain,(~hates(butler,butler)),inference(forward_subsumption_resolution,[status(thm)],[c_97,c_73])).",
      "clause_id": 98,
      "clause_features": {
        "basic_clause_id": 86,
        "conj_dist": -1,
        "born": 2,
        "horn": true,
        "epr": true
      }
    }
  ]
}
Sockets:trace: sending batch: 2 
 {
  "tag": "scores_req",
  "clause_ids": [ 99, 98 ],
  "component": "sup",
  "component_id": 1
}
Sockets:trace: sending:
{ "tag": "server_queries_start" }
Sockets:trace: process_server_queries: cls_sat_eval_gr_req
Sockets:trace: sending:
{
  "tag": "cls_sat_eval_gr_res",
  "clause_ids": [ 99, 98 ],
  "sat_lit_gr_vals": [ [ true ], [ false ] ]
}
Sockets:trace: process_server_queries: sat_solver_exec_req
Sockets:trace: sending:
{ "tag": "sat_solver_exec_res", "result": "sat" }
Sockets:trace: process_server_queries: cls_sat_eval_gr_req
Sockets:trace: sending:
{
  "tag": "cls_sat_eval_gr_res",
  "clause_ids": [ 99, 98 ],
  "sat_lit_gr_vals": [ [ true ], [ true ] ]
}
Sockets:trace: process_server_queries: server_queries_end
Sockets:trace: before: reading
Sockets:trace: reading:
{
  "tag": "scores_res",
  "scores": [ 0.009259259259259259, 0.009259259259259259 ]
}
Sockets:trace: reading: 0.00925925925926,0.00925925925926
Sockets:trace: sending batch: 2 
 {
  "tag": "passive_clauses",
  "clause_ids": [ 99, 98 ],
  "component": "sup",
  "component_id": 1
}
Sockets:trace: sending batch: 1 
 {
  "tag": "given_clause",
  "clause_ids": [ 98 ],
  "component": "sup",
  "component_id": 1
}
Sockets:trace: sending batch: 1 
 {
  "tag": "given_clause",
  "clause_ids": [ 99 ],
  "component": "sup",
  "component_id": 1
}
Sockets:trace: sending batch: 1 
 {
  "tag": "given_clause",
  "clause_ids": [ 60 ],
  "component": "sup",
  "component_id": 1
}
Sockets:trace: sending batch: 1 
 {
  "tag": "simplified_clauses",
  "clause_ids": [ 60 ],
  "component": "sup",
  "component_id": 1
}
Sockets:trace: registering: 1 
 {
  "tag": "register_clauses",
  "clauses": [
    {
      "clause": "cnf(c_106,plain,(killed(butler,agatha)),inference(forward_subsumption_resolution,[status(thm)],[c_104,c_82])).",
      "clause_id": 106,
      "clause_features": {
        "basic_clause_id": 92,
        "conj_dist": 2,
        "born": 2,
        "horn": true,
        "epr": true
      }
    }
  ]
}
Sockets:trace: sending batch: 1 
 {
  "tag": "scores_req",
  "clause_ids": [ 106 ],
  "component": "sup",
  "component_id": 1
}
Sockets:trace: sending:
{ "tag": "server_queries_start" }
Sockets:trace: process_server_queries: cls_sat_eval_gr_req
Sockets:trace: sending:
{
  "tag": "cls_sat_eval_gr_res",
  "clause_ids": [ 106 ],
  "sat_lit_gr_vals": [ [ true ] ]
}
Sockets:trace: process_server_queries: sat_solver_exec_req
Sockets:trace: sending:
{ "tag": "sat_solver_exec_res", "result": "sat" }
Sockets:trace: process_server_queries: cls_sat_eval_gr_req
Sockets:trace: sending:
{
  "tag": "cls_sat_eval_gr_res",
  "clause_ids": [ 106 ],
  "sat_lit_gr_vals": [ [ true ] ]
}
Sockets:trace: process_server_queries: server_queries_end
Sockets:trace: before: reading
Sockets:trace: reading:
{ "tag": "scores_res", "scores": [ 0.00909090909090909 ] }
Sockets:trace: reading: 0.00909090909091
Sockets:trace: sending batch: 1 
 {
  "tag": "passive_clauses",
  "clause_ids": [ 106 ],
  "component": "sup",
  "component_id": 1
}
Sockets:trace: sending batch: 1 
 {
  "tag": "given_clause",
  "clause_ids": [ 106 ],
  "component": "sup",
  "component_id": 1
}
Sockets:trace: registering: 1 
 {
  "tag": "register_clauses",
  "clauses": [
    {
      "clause": "cnf(c_108,plain,(~richer(butler,agatha)),inference(superposition,[status(thm)],[c_106,c_52])).",
      "clause_id": 108,
      "clause_features": {
        "basic_clause_id": 93,
        "conj_dist": 3,
        "born": 2,
        "horn": true,
        "epr": true
      }
    }
  ]
}
Sockets:trace: sending batch: 1 
 {
  "tag": "scores_req",
  "clause_ids": [ 108 ],
  "component": "sup",
  "component_id": 1
}
Sockets:trace: sending:
{ "tag": "server_queries_start" }
Sockets:trace: process_server_queries: cls_sat_eval_gr_req
Sockets:trace: sending:
{
  "tag": "cls_sat_eval_gr_res",
  "clause_ids": [ 108 ],
  "sat_lit_gr_vals": [ [ false ] ]
}
Sockets:trace: process_server_queries: sat_solver_exec_req
Sockets:trace: sending:
{ "tag": "sat_solver_exec_res", "result": "sat" }
Sockets:trace: process_server_queries: cls_sat_eval_gr_req
Sockets:trace: sending:
{
  "tag": "cls_sat_eval_gr_res",
  "clause_ids": [ 108 ],
  "sat_lit_gr_vals": [ [ true ] ]
}
Sockets:trace: process_server_queries: server_queries_end
Sockets:trace: before: reading
Sockets:trace: reading:
{ "tag": "scores_res", "scores": [ 0.010638297872340425 ] }
Sockets:trace: reading: 0.0106382978723
Sockets:trace: sending batch: 1 
 {
  "tag": "passive_clauses",
  "clause_ids": [ 108 ],
  "component": "sup",
  "component_id": 1
}
Sockets:trace: sending batch: 1 
 {
  "tag": "given_clause",
  "clause_ids": [ 108 ],
  "component": "sup",
  "component_id": 1
}


% SZS status Unsatisfiable for PUZ001-1.p

Sockets:trace: writing szs_statis:
{
  "tag": "szs_result_out",
  "szs_status": "% SZS status Unsatisfiable for PUZ001-1.p"
}
% SZS output start CNFRefutation for PUZ001-1.p

cnf(c_50,plain,(lives(butler)),file('Examples/PUZ001-1.p', butler)).

cnf(c_52,plain,
    (~killed(X0,X1)|~richer(X0,X1)),
    file('Examples/PUZ001-1.p', poorer_killer)).

cnf(c_53,plain,
    (~hates(agatha,X0)|~hates(charles,X0)),
    file('Examples/PUZ001-1.p', different_hates)).

cnf(c_54,plain,
    (~hates(X0,agatha)|~hates(X0,butler)|~hates(X0,charles)),
    file('Examples/PUZ001-1.p', no_one_hates_everyone)).

cnf(c_55,plain,
    (hates(agatha,agatha)),
    file('Examples/PUZ001-1.p', agatha_hates_agatha)).

cnf(c_56,plain,
    (hates(agatha,charles)),
    file('Examples/PUZ001-1.p', agatha_hates_charles)).

cnf(c_57,plain,
    (~killed(X0,X1)|hates(X0,X1)),
    file('Examples/PUZ001-1.p', killer_hates_victim)).

cnf(c_58,plain,
    (~hates(agatha,X0)|hates(butler,X0)),
    file('Examples/PUZ001-1.p', same_hates)).

cnf(c_59,plain,
    (~lives(X0)|richer(X0,agatha)|hates(butler,X0)),
    file('Examples/PUZ001-1.p', butler_hates_poor)).

cnf(c_60,negated_conjecture,
    (killed(butler,agatha)|killed(charles,agatha)),
    file('Examples/PUZ001-1.p', prove_neither_charles_nor_butler_did_it)).

cnf(c_72,plain,
    (hates(butler,agatha)),
    inference(superposition,[status(thm)],[c_55,c_58])).

cnf(c_73,plain,
    (hates(butler,charles)),
    inference(superposition,[status(thm)],[c_56,c_58])).

cnf(c_82,plain,
    (~hates(charles,agatha)),
    inference(superposition,[status(thm)],[c_55,c_53])).

cnf(c_97,plain,
    (~hates(butler,butler)|~hates(butler,charles)),
    inference(superposition,[status(thm)],[c_72,c_54])).

cnf(c_98,plain,
    (~hates(butler,butler)),
    inference(forward_subsumption_resolution,[status(thm)],[c_97,c_73])).

cnf(c_104,plain,
    (killed(butler,agatha)|hates(charles,agatha)),
    inference(superposition,[status(thm)],[c_60,c_57])).

cnf(c_106,plain,
    (killed(butler,agatha)),
    inference(forward_subsumption_resolution,[status(thm)],[c_104,c_82])).

cnf(c_108,plain,
    (~richer(butler,agatha)),
    inference(superposition,[status(thm)],[c_106,c_52])).

cnf(c_109,plain,
    (~lives(butler)|hates(butler,butler)),
    inference(superposition,[status(thm)],[c_59,c_108])).

cnf(c_110,plain,
    ($false),
    inference(forward_subsumption_resolution,[status(thm)],[c_109,c_98,c_50])).


% SZS output end CNFRefutation for PUZ001-1.p

Sockets:trace: registering: 4 
 {
  "tag": "register_clauses",
  "clauses": [
    {
      "clause": "cnf(c_97,plain,(~hates(butler,butler)|~hates(butler,charles)),inference(superposition,[status(thm)],[c_72,c_54])).",
      "clause_id": 97,
      "clause_features": {
        "basic_clause_id": 85,
        "conj_dist": -1,
        "born": 2,
        "horn": true,
        "epr": true
      }
    },
    {
      "clause": "cnf(c_104,plain,(killed(butler,agatha)|hates(charles,agatha)),inference(superposition,[status(thm)],[c_60,c_57])).",
      "clause_id": 104,
      "clause_features": {
        "basic_clause_id": 90,
        "conj_dist": 1,
        "born": 2,
        "horn": false,
        "epr": true
      }
    },
    {
      "clause": "cnf(c_109,plain,(~lives(butler)|hates(butler,butler)),inference(superposition,[status(thm)],[c_59,c_108])).",
      "clause_id": 109,
      "clause_features": {
        "basic_clause_id": 94,
        "conj_dist": 4,
        "born": 2,
        "horn": true,
        "epr": true
      }
    },
    {
      "clause": "cnf(c_110,plain,($false),inference(forward_subsumption_resolution,[status(thm)],[c_109,c_98,c_50])).",
      "clause_id": 110,
      "clause_features": {
        "basic_clause_id": 95,
        "conj_dist": 5,
        "born": 2,
        "horn": false,
        "epr": true
      }
    }
  ]
}
Sockets:trace: sending batch: 20 
 {
  "tag": "proof_out",
  "clause_ids": [
    50, 52, 53, 54, 55, 56, 57, 58, 59, 60, 72, 73, 82, 97, 98, 104, 106,
    108, 109, 110
  ],
  "component": "proof",
  "component_id": -1
}
------                               Statistics

------ Problem properties

clauses:                                12
conjectures:                            1
epr:                                    12
horn:                                   10
ground:                                 6
unary:                                  5
binary:                                 5
lits:                                   21
lits_eq:                                0
fd_pure:                                0
fd_pseudo:                              0
fd_cond:                                0
fd_pseudo_cond:                         0
ac_symbols:                             0

------ General

abstr_ref_over_cycles:                  0
abstr_ref_under_cycles:                 0
gc_basic_clause_elim:                   0
num_of_symbols:                         103
num_of_terms:                           229

parsing_time:                           0.
unif_index_cands_time:                  0.
unif_index_add_time:                    0.
orderings_time:                         0.
out_proof_time:                         0.
total_time:                             0.525

------ Preprocessing

num_of_splits:                          0
num_of_split_atoms:                     0
num_of_reused_defs:                     0
num_eq_ax_congr_red:                    0
num_of_sem_filtered_clauses:            0
num_of_subtypes:                        0
monotx_restored_types:                  0
sat_num_of_epr_types:                   0
sat_num_of_non_cyclic_types:            0
sat_guarded_non_collapsed_types:        0
num_pure_diseq_elim:                    0
simp_replaced_by:                       0
res_preprocessed:                       0
sup_preprocessed:                       0
prep_upred:                             0
prep_unflattend:                        0
prep_well_definedness:                  0
smt_new_axioms:                         0
pred_elim_cands:                        0
pred_elim:                              0
pred_elim_cl:                           0
pred_elim_cycles:                       0
merged_defs:                            0
merged_defs_ncl:                        0
bin_hyper_res:                          0
prep_cycles:                            0

splitting_time:                         0.
sem_filter_time:                        0.
monotx_time:                            0.
subtype_inf_time:                       0.
res_prep_time:                          0.
sup_prep_time:                          0.
pred_elim_time:                         0.
bin_hyper_res_time:                     0.
prep_time_total:                        0.

------ Propositional Solver

prop_solver_calls:                      6
prop_fast_solver_calls:                 29
smt_solver_calls:                       0
smt_fast_solver_calls:                  0
prop_num_of_clauses:                    25
prop_preprocess_simplified:             115
prop_fo_subsumed:                       0

prop_solver_time:                       0.
prop_fast_solver_time:                  0.
prop_unsat_core_time:                   0.
smt_solver_time:                        0.
smt_fast_solver_time:                   0.

------ QBF

qbf_q_res:                              0
qbf_num_tautologies:                    0
qbf_prep_cycles:                        0

------ BMC1

bmc1_current_bound:                     -1
bmc1_last_solved_bound:                 -1
bmc1_unsat_core_size:                   -1
bmc1_unsat_core_parents_size:           -1
bmc1_merge_next_fun:                    0

bmc1_unsat_core_clauses_time:           0.

------ Instantiation

inst_num_of_clauses:                    12
inst_num_in_passive:                    0
inst_num_in_active:                     0
inst_num_of_loops:                      0
inst_num_in_unprocessed:                12
inst_num_of_learning_restarts:          0
inst_num_moves_active_passive:          0
inst_lit_activity:                      0
inst_lit_activity_moves:                0
inst_num_tautologies:                   0
inst_num_prop_implied:                  0
inst_num_existing_simplified:           0
inst_num_eq_res_simplified:             0
inst_num_child_elim:                    0
inst_num_of_dismatching_blockings:      0
inst_num_of_non_proper_insts:           0
inst_num_of_duplicates:                 0
inst_inst_num_from_inst_to_res:         0

inst_time_sim_new:                      0.
inst_time_sim_given:                    0.
inst_time_dismatching_checking:         0.
inst_time_total:                        0.

------ Resolution

res_num_of_clauses:                     undef
res_num_in_passive:                     undef
res_num_in_active:                      0
res_num_of_loops:                       0
res_forward_subset_subsumed:            0
res_backward_subset_subsumed:           0
res_forward_subsumed:                   0
res_backward_subsumed:                  0
res_forward_subsumption_resolution:     0
res_backward_subsumption_resolution:    0
res_clause_to_clause_subsumption:       10
res_subs_bck_cnt:                       0
res_orphan_elimination:                 0
res_tautology_del:                      0
res_num_eq_res_simplified:              0
res_num_sel_changes:                    0
res_moves_from_active_to_pass:          0

res_time_sim_new:                       0.
res_time_sim_fw_given:                  0.
res_time_sim_bw_given:                  0.
res_time_total:                         0.

------ Superposition

sup_num_of_clauses:                     19
sup_num_in_active:                      19
sup_num_in_passive:                     0
sup_num_of_loops:                       19
sup_fw_superposition:                   7
sup_bw_superposition:                   4
sup_eq_factoring:                       0
sup_eq_resolution:                      0
sup_immediate_simplified:               0
sup_given_eliminated:                   1
comparisons_done:                       4
comparisons_avoided:                    0
comparisons_inc_criteria:               0
sup_deep_cl_discarded:                  0
sup_num_of_deepenings:                  0
sup_num_of_restarts:                    0

sup_time_generating:                    0.
sup_time_sim_fw_full:                   0.
sup_time_sim_bw_full:                   0.011
sup_time_sim_fw_immed:                  0.
sup_time_sim_bw_immed:                  0.
sup_time_prep_sim_fw_input:             0.
sup_time_prep_sim_bw_input:             0.
sup_time_total:                         0.5

------ Simplifications

sim_repeated:                           1
sim_fw_subset_subsumed:                 0
sim_bw_subset_subsumed:                 2
sim_fw_subsumed:                        0
sim_bw_subsumed:                        0
sim_fw_subsumption_res:                 0
sim_bw_subsumption_res:                 0
sim_fw_unit_subs:                       3
sim_bw_unit_subs:                       0
sim_tautology_del:                      0
sim_eq_tautology_del:                   0
sim_eq_res_simp:                        0
sim_fw_demodulated:                     0
sim_bw_demodulated:                     0
sim_encompassment_demod:                0
sim_light_normalised:                   0
sim_ac_normalised:                      0
sim_joinable_taut:                      0
sim_joinable_simp:                      0
sim_fw_ac_demod:                        0
sim_bw_ac_demod:                        0
sim_smt_subsumption:                    0
sim_smt_simplified:                     0
sim_ground_joinable:                    0
sim_bw_ground_joinable:                 0
sim_connectedness:                      0

sim_time_fw_subset_subs:                0.
sim_time_bw_subset_subs:                0.
sim_time_fw_subs:                       0.
sim_time_bw_subs:                       0.
sim_time_fw_subs_res:                   0.
sim_time_bw_subs_res:                   0.
sim_time_fw_unit_subs:                  0.
sim_time_bw_unit_subs:                  0.
sim_time_tautology_del:                 0.
sim_time_eq_tautology_del:              0.
sim_time_eq_res_simp:                   0.
sim_time_fw_demod:                      0.
sim_time_bw_demod:                      0.
sim_time_light_norm:                    0.
sim_time_joinable:                      0.
sim_time_ac_norm:                       0.
sim_time_fw_ac_demod:                   0.
sim_time_bw_ac_demod:                   0.
sim_time_smt_subs:                      0.
sim_time_fw_gjoin:                      0.
sim_time_fw_connected:                  0.

